<?xml version="1.0" encoding="UTF-8"?>
<coverage generated="1658858048020" clover="3.2.0">
  <project timestamp="1658858048020" name="All files">
    <metrics statements="30" coveredstatements="22" conditionals="12" coveredconditionals="6" methods="6" coveredmethods="4" elements="48" coveredelements="32" complexity="0" loc="30" ncloc="30" packages="1" files="3" classes="3"/>
    <file name="Balloon.ts" path="C:\Users\James\Popsalot\src\Balloon.ts">
      <metrics statements="21" coveredstatements="13" conditionals="10" coveredconditionals="4" methods="5" coveredmethods="3"/>
      <line num="1" count="1" type="stmt"/>
      <line num="2" count="1" type="stmt"/>
      <line num="4" count="1" type="stmt"/>
      <line num="10" count="1" type="stmt"/>
      <line num="11" count="1" type="stmt"/>
      <line num="12" count="1" type="stmt"/>
      <line num="16" count="0" type="stmt"/>
      <line num="20" count="2" type="cond" truecount="2" falsecount="1"/>
      <line num="22" count="1" type="stmt"/>
      <line num="24" count="0" type="stmt"/>
      <line num="26" count="1" type="stmt"/>
      <line num="32" count="2" type="cond" truecount="2" falsecount="1"/>
      <line num="34" count="1" type="stmt"/>
      <line num="36" count="0" type="stmt"/>
      <line num="38" count="1" type="stmt"/>
      <line num="39" count="1" type="stmt"/>
      <line num="44" count="0" type="cond" truecount="0" falsecount="4"/>
      <line num="46" count="0" type="stmt"/>
      <line num="48" count="0" type="stmt"/>
      <line num="50" count="0" type="stmt"/>
      <line num="52" count="0" type="stmt"/>
    </file>
    <file name="BalloonStates.ts" path="C:\Users\James\Popsalot\src\BalloonStates.ts">
      <metrics statements="4" coveredstatements="4" conditionals="2" coveredconditionals="2" methods="1" coveredmethods="1"/>
      <line num="1" count="1" type="cond" truecount="2" falsecount="0"/>
      <line num="2" count="1" type="stmt"/>
      <line num="3" count="1" type="stmt"/>
      <line num="4" count="1" type="stmt"/>
    </file>
    <file name="Consts.ts" path="C:\Users\James\Popsalot\src\Consts.ts">
      <metrics statements="5" coveredstatements="5" conditionals="0" coveredconditionals="0" methods="0" coveredmethods="0"/>
      <line num="1" count="1" type="stmt"/>
      <line num="4" count="1" type="stmt"/>
      <line num="5" count="1" type="stmt"/>
      <line num="6" count="1" type="stmt"/>
      <line num="7" count="1" type="stmt"/>
    </file>
  </project>
</coverage>
