{"C:\\Users\\James\\Popsalot\\src\\Balloon.ts": {"path":"C:\\Users\\James\\Popsalot\\src\\Balloon.ts","statementMap":{"0":{"start":{"line":1,"column":0},"end":{"line":1,"column":48}},"1":{"start":{"line":2,"column":0},"end":{"line":2,"column":35}},"2":{"start":{"line":10,"column":4},"end":{"line":10,"column":21}},"3":{"start":{"line":11,"column":4},"end":{"line":11,"column":23}},"4":{"start":{"line":12,"column":4},"end":{"line":12,"column":23}},"5":{"start":{"line":16,"column":4},"end":{"line":16,"column":124}},"6":{"start":{"line":20,"column":4},"end":{"line":28,"column":null}},"7":{"start":{"line":22,"column":8},"end":{"line":22,"column":47}},"8":{"start":{"line":24,"column":8},"end":{"line":24,"column":51}},"9":{"start":{"line":26,"column":8},"end":{"line":26,"column":40}},"10":{"start":{"line":32,"column":4},"end":{"line":40,"column":null}},"11":{"start":{"line":34,"column":8},"end":{"line":34,"column":49}},"12":{"start":{"line":36,"column":8},"end":{"line":36,"column":49}},"13":{"start":{"line":38,"column":8},"end":{"line":38,"column":42}},"14":{"start":{"line":39,"column":8},"end":{"line":39,"column":15}},"15":{"start":{"line":44,"column":4},"end":{"line":53,"column":null}},"16":{"start":{"line":46,"column":8},"end":{"line":46,"column":23}},"17":{"start":{"line":48,"column":8},"end":{"line":48,"column":22}},"18":{"start":{"line":50,"column":8},"end":{"line":50,"column":24}},"19":{"start":{"line":52,"column":8},"end":{"line":52,"column":63}},"20":{"start":{"line":4,"column":0},"end":{"line":4,"column":13}}},"fnMap":{"0":{"name":"(anonymous_6)","decl":{"start":{"line":9,"column":2},"end":{"line":9,"column":14}},"loc":{"start":{"line":9,"column":63},"end":{"line":13,"column":3}}},"1":{"name":"(anonymous_7)","decl":{"start":{"line":15,"column":2},"end":{"line":15,"column":10}},"loc":{"start":{"line":15,"column":10},"end":{"line":17,"column":3}}},"2":{"name":"(anonymous_8)","decl":{"start":{"line":19,"column":2},"end":{"line":19,"column":6}},"loc":{"start":{"line":19,"column":6},"end":{"line":29,"column":3}}},"3":{"name":"(anonymous_9)","decl":{"start":{"line":31,"column":2},"end":{"line":31,"column":5}},"loc":{"start":{"line":31,"column":5},"end":{"line":41,"column":3}}},"4":{"name":"(anonymous_10)","decl":{"start":{"line":43,"column":2},"end":{"line":43,"column":14}},"loc":{"start":{"line":43,"column":28},"end":{"line":54,"column":3}}}},"branchMap":{"0":{"loc":{"start":{"line":20,"column":4},"end":{"line":28,"column":null}},"type":"switch","locations":[{"start":{"line":21,"column":6},"end":{"line":22,"column":47}},{"start":{"line":23,"column":6},"end":{"line":24,"column":51}},{"start":{"line":25,"column":6},"end":{"line":27,"column":null}}]},"1":{"loc":{"start":{"line":32,"column":4},"end":{"line":40,"column":null}},"type":"switch","locations":[{"start":{"line":33,"column":6},"end":{"line":34,"column":49}},{"start":{"line":35,"column":6},"end":{"line":36,"column":49}},{"start":{"line":37,"column":6},"end":{"line":39,"column":15}}]},"2":{"loc":{"start":{"line":44,"column":4},"end":{"line":53,"column":null}},"type":"switch","locations":[{"start":{"line":45,"column":6},"end":{"line":46,"column":23}},{"start":{"line":47,"column":6},"end":{"line":48,"column":22}},{"start":{"line":49,"column":6},"end":{"line":50,"column":24}},{"start":{"line":51,"column":6},"end":{"line":52,"column":63}}]}},"s":{"0":1,"1":1,"2":1,"3":1,"4":1,"5":0,"6":2,"7":1,"8":0,"9":1,"10":2,"11":1,"12":0,"13":1,"14":1,"15":0,"16":0,"17":0,"18":0,"19":0,"20":1},"f":{"0":1,"1":0,"2":2,"3":2,"4":0},"b":{"0":[1,0,1],"1":[1,0,1],"2":[0,0,0,0]}}
,"C:\\Users\\James\\Popsalot\\src\\BalloonStates.ts": {"path":"C:\\Users\\James\\Popsalot\\src\\BalloonStates.ts","statementMap":{"0":{"start":{"line":1,"column":0},"end":{"line":1,"column":null}},"1":{"start":{"line":2,"column":2},"end":{"line":2,"column":null}},"2":{"start":{"line":3,"column":2},"end":{"line":3,"column":null}},"3":{"start":{"line":4,"column":2},"end":{"line":4,"column":null}}},"fnMap":{"0":{"name":"(anonymous_0)","decl":{"start":{"line":1,"column":0},"end":{"line":1,"column":12}},"loc":{"start":{"line":1,"column":25},"end":{"line":5,"column":1}}}},"branchMap":{"0":{"loc":{"start":{"line":1,"column":12},"end":{"line":1,"column":null}},"type":"binary-expr","locations":[{"start":{"line":1,"column":12},"end":{"line":1,"column":25}},{"start":{"line":1,"column":12},"end":{"line":1,"column":null}}]}},"s":{"0":1,"1":1,"2":1,"3":1},"f":{"0":1},"b":{"0":[1,1]}}
,"C:\\Users\\James\\Popsalot\\src\\Consts.ts": {"path":"C:\\Users\\James\\Popsalot\\src\\Consts.ts","statementMap":{"0":{"start":{"line":1,"column":13},"end":{"line":1,"column":65}},"1":{"start":{"line":4,"column":13},"end":{"line":4,"column":83}},"2":{"start":{"line":5,"column":13},"end":{"line":5,"column":74}},"3":{"start":{"line":6,"column":13},"end":{"line":6,"column":91}},"4":{"start":{"line":7,"column":13},"end":{"line":7,"column":78}}},"fnMap":{},"branchMap":{},"s":{"0":1,"1":1,"2":1,"3":1,"4":1},"f":{},"b":{}}
}
