TN:
SF:src\Balloon.ts
FN:9,(anonymous_6)
FN:15,(anonymous_7)
FN:19,(anonymous_8)
FN:31,(anonymous_9)
FN:43,(anonymous_10)
FNF:5
FNH:3
FNDA:1,(anonymous_6)
FNDA:0,(anonymous_7)
FNDA:2,(anonymous_8)
FNDA:2,(anonymous_9)
FNDA:0,(anonymous_10)
DA:1,1
DA:2,1
DA:4,1
DA:10,1
DA:11,1
DA:12,1
DA:16,0
DA:20,2
DA:22,1
DA:24,0
DA:26,1
DA:32,2
DA:34,1
DA:36,0
DA:38,1
DA:39,1
DA:44,0
DA:46,0
DA:48,0
DA:50,0
DA:52,0
LF:21
LH:13
BRDA:20,0,0,1
BRDA:20,0,1,0
BRDA:20,0,2,1
BRDA:32,1,0,1
BRDA:32,1,1,0
BRDA:32,1,2,1
BRDA:44,2,0,0
BRDA:44,2,1,0
BRDA:44,2,2,0
BRDA:44,2,3,0
BRF:10
BRH:4
end_of_record
TN:
SF:src\BalloonStates.ts
FN:1,(anonymous_0)
FNF:1
FNH:1
FNDA:1,(anonymous_0)
DA:1,1
DA:2,1
DA:3,1
DA:4,1
LF:4
LH:4
BRDA:1,0,0,1
BRDA:1,0,1,1
BRF:2
BRH:2
end_of_record
TN:
SF:src\Consts.ts
FNF:0
FNH:0
DA:1,1
DA:4,1
DA:5,1
DA:6,1
DA:7,1
LF:5
LH:5
BRF:0
BRH:0
end_of_record
